d:\wardenfort\wardenfort\wardenfort_merge\wardenfort\wardenfort\x64\debug\otp.obj
d:\wardenfort\wardenfort\wardenfort_merge\wardenfort\wardenfort\x64\debug\alertnotif.obj
d:\wardenfort\wardenfort\wardenfort_merge\wardenfort\wardenfort\x64\debug\login.obj
d:\wardenfort\wardenfort\wardenfort_merge\wardenfort\wardenfort\x64\debug\wardenfort.obj
d:\wardenfort\wardenfort\wardenfort_merge\wardenfort\wardenfort\x64\debug\signup.obj
d:\wardenfort\wardenfort\wardenfort_merge\wardenfort\wardenfort\x64\debug\main.obj
d:\wardenfort\wardenfort\wardenfort_merge\wardenfort\wardenfort\x64\debug\moc_login.obj
d:\wardenfort\wardenfort\wardenfort_merge\wardenfort\wardenfort\x64\debug\qrc_wardenfort.obj
d:\wardenfort\wardenfort\wardenfort_merge\wardenfort\wardenfort\x64\debug\moc_signup.obj
d:\wardenfort\wardenfort\wardenfort_merge\wardenfort\wardenfort\x64\debug\moc_alertnotif.obj
d:\wardenfort\wardenfort\wardenfort_merge\wardenfort\wardenfort\x64\debug\moc_wardenfort.obj
d:\wardenfort\wardenfort\wardenfort_merge\wardenfort\wardenfort\x64\debug\vc143.pdb
d:\wardenfort\wardenfort\wardenfort_merge\wardenfort\wardenfort\x64\debug\passwordsec.obj
d:\wardenfort\wardenfort\wardenfort_merge\wardenfort\wardenfort\x64\debug\accountsettings.obj
d:\wardenfort\wardenfort\wardenfort_merge\wardenfort\wardenfort\x64\debug\moc_passwordsec.obj
d:\wardenfort\wardenfort\wardenfort_merge\wardenfort\wardenfort\x64\debug\moc_accountsettings.obj
d:\wardenfort\wardenfort\wardenfort_merge\wardenfort\x64\debug\wardenfort.exe
d:\wardenfort\wardenfort\wardenfort_merge\wardenfort\x64\debug\wardenfort.pdb
d:\wardenfort\wardenfort\wardenfort_merge\wardenfort\wardenfort\x64\debug\moc\moc_wardenfort.cpp
d:\wardenfort\wardenfort\wardenfort_merge\wardenfort\wardenfort\x64\debug\moc\moc_login.cpp
d:\wardenfort\wardenfort\wardenfort_merge\wardenfort\wardenfort\x64\debug\moc\moc_signup.cpp
d:\wardenfort\wardenfort\wardenfort_merge\wardenfort\wardenfort\x64\debug\moc\moc_alertnotif.cpp
d:\wardenfort\wardenfort\wardenfort_merge\wardenfort\wardenfort\x64\debug\moc\moc_otp.cpp
d:\wardenfort\wardenfort\wardenfort_merge\wardenfort\wardenfort\x64\debug\rcc\qrc_wardenfort.cpp
d:\wardenfort\wardenfort\wardenfort_merge\wardenfort\wardenfort\x64\debug\uic\ui_otp.h
d:\wardenfort\wardenfort\wardenfort_merge\wardenfort\wardenfort\x64\debug\uic\ui_alertnotif.h
d:\wardenfort\wardenfort\wardenfort_merge\wardenfort\wardenfort\x64\debug\uic\ui_login.h
d:\wardenfort\wardenfort\wardenfort_merge\wardenfort\wardenfort\x64\debug\uic\ui_signup.h
d:\wardenfort\wardenfort\wardenfort_merge\wardenfort\wardenfort\x64\debug\uic\ui_wardenfort.h
d:\wardenfort\wardenfort\wardenfort_merge\wardenfort\wardenfort\x64\debug\moc\moc_accountsettings.cpp
d:\wardenfort\wardenfort\wardenfort_merge\wardenfort\wardenfort\x64\debug\moc\moc_passwordsec.cpp
d:\wardenfort\wardenfort\wardenfort_merge\wardenfort\wardenfort\x64\debug\uic\ui_passwordsec.h
d:\wardenfort\wardenfort\wardenfort_merge\wardenfort\wardenfort\x64\debug\uic\ui_accountsettings.h
d:\wardenfort\wardenfort\wardenfort_merge\wardenfort\x64\debug\wardenfort.ilk
d:\wardenfort\wardenfort\wardenfort_merge\wardenfort\wardenfort\x64\debug\wardenfort.tlog\cl.12384.write.1.tlog
d:\wardenfort\wardenfort\wardenfort_merge\wardenfort\wardenfort\x64\debug\wardenfort.tlog\cl.command.1.tlog
d:\wardenfort\wardenfort\wardenfort_merge\wardenfort\wardenfort\x64\debug\wardenfort.tlog\cl.items.tlog
d:\wardenfort\wardenfort\wardenfort_merge\wardenfort\wardenfort\x64\debug\wardenfort.tlog\cl.read.1.tlog
d:\wardenfort\wardenfort\wardenfort_merge\wardenfort\wardenfort\x64\debug\wardenfort.tlog\link.command.1.tlog
d:\wardenfort\wardenfort\wardenfort_merge\wardenfort\wardenfort\x64\debug\wardenfort.tlog\link.read.1.tlog
d:\wardenfort\wardenfort\wardenfort_merge\wardenfort\wardenfort\x64\debug\wardenfort.tlog\link.secondary.1.tlog
d:\wardenfort\wardenfort\wardenfort_merge\wardenfort\wardenfort\x64\debug\wardenfort.tlog\link.write.1.tlog
d:\wardenfort\wardenfort\wardenfort_merge\wardenfort\wardenfort\x64\debug\wardenfort.tlog\moc.read.1u.tlog
d:\wardenfort\wardenfort\wardenfort_merge\wardenfort\wardenfort\x64\debug\wardenfort.tlog\moc.write.1u.tlog
d:\wardenfort\wardenfort\wardenfort_merge\wardenfort\wardenfort\x64\debug\wardenfort.tlog\rcc.read.1u.tlog
d:\wardenfort\wardenfort\wardenfort_merge\wardenfort\wardenfort\x64\debug\wardenfort.tlog\rcc.write.1u.tlog
d:\wardenfort\wardenfort\wardenfort_merge\wardenfort\wardenfort\x64\debug\wardenfort.tlog\uic.read.1u.tlog
d:\wardenfort\wardenfort\wardenfort_merge\wardenfort\wardenfort\x64\debug\wardenfort.tlog\uic.write.1u.tlog
d:\wardenfort\wardenfort\wardenfort_merge\wardenfort\wardenfort\x64\debug\wardenfort.tlog\wardenfort.write.1u.tlog
